This file contains any messages produced by compilers while
running configure, to aid debugging if configure makes a mistake.

configure:623: checking host system type
configure:644: checking target system type
configure:662: checking build system type
configure:721: checking for a BSD compatible install
configure:778: checking for -p flag to install
configure:801: checking whether build environment is sane
configure:839: checking whether make sets ${MAKE}
configure:885: checking for working aclocal
configure:898: checking for working autoconf
configure:911: checking for working automake
configure:924: checking for working autoheader
configure:937: checking for working makeinfo
configure:1023: checking for a C-Compiler
configure:1029: checking for gcc
configure:1135: checking whether the C compiler (gcc  ) works
configure:1151: gcc -o conftest    conftest.c  1>&5
configure:1177: checking whether the C compiler (gcc  ) is a cross-compiler
configure:1182: checking whether we are using GNU C
configure:1293: checking how to run the C preprocessor
configure:1355: checking for a C++-Compiler
configure:1361: checking for g++
configure:1477: checking whether the C++ compiler (g++  ) works
configure:1498: rm -rf SunWS_cache; g++ -o conftest    conftest.C  1>&5
configure:1524: checking whether the C++ compiler (g++  ) is a cross-compiler
configure:1529: checking whether we are using GNU C++
configure:1613: checking whether g++ supports -fno-exceptions
configure:1647: checking whether g++ supports -fno-check-new
configure:1686: checking whether g++ supports -Wno-long-long
configure:1718: checking whether g++ supports -fno-builtin
configure:1763: checking whether g++ supports -fexceptions
configure:1798: checking whether g++ supports -frtti
configure:1878: checking how to run the C++ preprocessor
configure:1961: checking whether g++ supports -frepo
configure:2156: checking for ld used by GCC
configure:2224: checking if the linker (/usr/i486-suse-linux/bin/ld) is GNU ld
configure:2241: checking for /usr/i486-suse-linux/bin/ld option to reload object files
configure:2253: checking for BSD-compatible nm
configure:2290: checking whether ln -s works
configure:2311: checking how to recognise dependant libraries
configure:2597: checking for ranlib
configure:2664: checking for strip
configure:2836: checking for Cygwin environment
configure:2869: checking for mingw32 environment
ltconfig:670:checking for gcc option to produce PIC
ltconfig:679:checking that gcc PIC flag  -fPIC -DPIC works.
ltconfig:741: checking if gcc static flag -static works
ltconfig:787: checking if gcc supports -c -o file.o
ltconfig:788: gcc -c -O2 -o out/conftest2.o  conftest.c 1>&5
ltconfig:841: checking if gcc supports -fno-rtti -fno-exceptions
ltconfig:842: gcc -c -O2 -fno-rtti -fno-exceptions -c conftest.c  conftest.c 1>&5
ltconfig:1309: checking if global_symbol_pipe works
ltconfig:1310: gcc -c -O2  conftest.c 1>&5
ltconfig:1313: eval "/usr/bin/nm -B conftest.o | sed -n -e 's/^.*[ 	]\([ABCDGISTW]\)[ 	][ 	]*\(\)\([_A-Za-z][_A-Za-z0-9]*\)$/\1 \2\3 \3/p' > conftest.nm"
ltconfig:1365: gcc -o conftest -O2 -fno-builtin -fno-rtti -fno-exceptions   conftest.c conftstm.o 1>&5
ltconfig:1706: checking for dlfcn.h
ltconfig:1745: checking whether a program can dlopen itself
ltconfig:1818: checking whether a statically linked program can dlopen itself
g++ -E conftest.cc
ltconfig:670:checking for g++ option to produce PIC
ltconfig:679:checking that g++ PIC flag -fPIC -DPIC works.
ltconfig:689: g++ -c -O2 -fno-exceptions -fno-check-new -Wall -pedantic -W -Wpointer-arith -Wmissing-prototypes -Wwrite-strings -Wno-long-long -fno-builtin -fPIC -DPIC -DPIC  conftest.cc 1>&5
ltconfig:741: checking if g++ static flag -static works
ltconfig:750: g++ -o conftest -O2 -fno-exceptions -fno-check-new -Wall -pedantic -W -Wpointer-arith -Wmissing-prototypes -Wwrite-strings -Wno-long-long -fno-builtin   -static conftest.cc  1>&5
ltconfig:787: checking if g++ supports -c -o file.o
ltconfig:788: g++ -c -O2 -fno-exceptions -fno-check-new -Wall -pedantic -W -Wpointer-arith -Wmissing-prototypes -Wwrite-strings -Wno-long-long -fno-builtin -o out/conftest2.o  conftest.cc 1>&5
ltconfig:841: checking if g++ supports -fno-rtti -fno-exceptions
ltconfig:842: g++ -c -O2 -fno-exceptions -fno-check-new -Wall -pedantic -W -Wpointer-arith -Wmissing-prototypes -Wwrite-strings -Wno-long-long -fno-builtin -fno-rtti -fno-exceptions -c conftest.cc  conftest.cc 1>&5
ltconfig:1309: checking if global_symbol_pipe works
ltconfig:1310: g++ -c -O2 -fno-exceptions -fno-check-new -Wall -pedantic -W -Wpointer-arith -Wmissing-prototypes -Wwrite-strings -Wno-long-long -fno-builtin  conftest.cc 1>&5
ltconfig:1313: eval "/usr/bin/nm -B conftest.o | sed -n -e 's/^.*[ 	]\([ABCDGISTW]\)[ 	][ 	]*\(\)\([_A-Za-z][_A-Za-z0-9]*\)$/\1 \2\3 \3/p' > conftest.nm"
ltconfig:1365: g++ -o conftest -O2 -fno-exceptions -fno-check-new -Wall -pedantic -W -Wpointer-arith -Wmissing-prototypes -Wwrite-strings -Wno-long-long -fno-builtin -fno-builtin -fno-rtti -fno-exceptions   conftest.cc conftstm.o 1>&5
ltconfig:1706: checking for dlfcn.h
ltconfig:1745: checking whether a program can dlopen itself
ltconfig:1818: checking whether a statically linked program can dlopen itself
configure:3017: checking for object suffix
configure:3043: checking for executable suffix
configure:3099: checking for msgfmt
configure:3133: checking for gmsgfmt
configure:3178: checking for xgettext
configure:3231: checking for main in -lcompat
configure:3268: checking for crypt in -lcrypt
configure:3361: checking for the third argument of getsockname
configure:3461: checking for dnet_ntoa in -ldnet
configure:3502: checking for dnet_ntoa in -ldnet_stub
configure:3543: checking for inet_ntoa
configure:3633: checking for connect
configure:3724: checking for remove
configure:3816: checking for shmat
configure:3910: checking for killpg in -lucb
configure:3998: checking size of int
configure:4036: checking size of long
configure:4074: checking size of char *
configure:4114: checking for dlopen in -ldl
configure:4158: checking for shl_unload in -ldld
configure:4205: checking for bool
configure:4260: checking for extra includes
configure:4291: checking for extra libs
configure:4325: checking for libz
configure:4381: checking for X
configure:4667: checking for IceConnectionNumber in -lICE
configure:4715: checking for libXext
configure:4826: checking for libpng
configure:4888: checking for libjpeg6b
configure:4949: checking for libjpeg
configure:5148: checking for Qt
configure:5367: checking if Qt compiles without flags
configure:5517: checking for moc
configure:5582: checking for uic
configure:5666: checking for rpath
configure:5695: checking for KDE
configure:5863: checking for KDE paths
configure:6334: checking for dcopidl
configure:6394: checking for dcopidl2cpp
configure:6454: checking for mcopidl
configure:6514: checking for kdb2html
configure:6574: checking for artsc-config
configure:6736: checking for Qt documentation
configure:6777: checking for kdelibs documentation
configure:6826: checking for docbase
configure:6848: checking for pthread_create in -lpthread
configure:6894: checking for Python directory
configure:6930: checking for Python1.6
configure:7015: checking if a Python application links
configure:7100: checking if Python depends on -lm
configure:7452: checking if doc should be compiled
configure:7452: checking if lib should be compiled
configure:7452: checking if parts should be compiled
configure:7452: checking if pics should be compiled
configure:7452: checking if plugins should be compiled
configure:7452: checking if po should be compiled
configure:7452: checking if src should be compiled
